Microsoft HTML Help Compiler 4.74.8702

Compiling d:\Note\nyfedit7\notes\DB.chm

cd580c60_f870455_0.html
d6a40c91_3ad908a7_0.html
d6b50c92_3a7b08bc_0.html
cd250c5d_38d2087c_0.html
cd360c5e_5cad0ac0_0.html
cd470c5f_5cc90af0_0.html
dfec0cbf_37ad087f_0.html
dffd0cc0_37d30896_0.html
cd690c61_af620f38_0.html
cd7a0c62_7fa30c9f_0.html
cd8b0c63_3d1f08b0_0.html
cd9c0c64_7bdb0cb7_0.html
e03a0cc3_5001158a_0.html
e0d30ccc_da4f1117_0.html
e9eb0cf4_391f08a7_0.html
e04b0cc4_d2f31098_0.html
cdad0c65_265706b0_0.html
cdbe0c66_b9030f55_0.html
d6700c8e_ee7040c_0.html
d6810c8f_38bc089c_0.html
d6920c90_ed60433_0.html
d6a30c91_21880698_0.html
d6c50c93_57980acc_0.html
d6e70c95_2d05072b_0.html
d7090c97_1f7904bc_0.html
d6820c8f_154403da_0.html
d6930c90_549b07ed_0.html
d6e80c95_5c90201_0.html
e9f90cf5_40c01a6_0.html
d6f90c96_11ba03b0_0.html
ea0c0cf6_f71042d_0.html
ea1d0cf7_10420473_0.html
fdf20d57_229506b6_0.html
fe250d5a_20b3067c_0.html
fe360d5b_220b0698_0.html
fe470d5c_ab1f0f61_0.html
fe690d5e_36980862_0.html
131b0dbe_38e108bc_0.html
fe030d58_fcf0462_0.html
fe140d59_edb0417_0.html
fe580d5d_39280870_0.html
fe7a0d5f_399e08b7_0.html
8340d87_3a4a08bc_0.html
8450d88_54620a63_0.html
8560d89_41830925_0.html
1d4f0de9_3b0c08e3_0.html
ea2e0cf8_59ee0aef_0.html
d70b0c97_5bb80aed_0.html
ea420cf9_a9b60dc1_0.html
f48d0d30_5bb40af2_0.html
f49e0d31_a79e0efe_0.html
f4170d29_7cb50cd2_0.html
f4280d2a_7ad10cbf_0.html
f4390d2b_252b0605_0.html
f44a0d2c_58710ae7_0.html
f45b0d2d_7b640d14_0.html
f46c0d2e_18fc11df_0.html
f47d0d2f_d6cd1103_0.html
f47b0d2f_242d06aa_0.html
f4490d2c_3d2c08ec_0.html
f45a0d2d_435b0812_0.html
f4590d2d_598d0a9b_0.html
f4370d2b_23bf0674_0.html
ea200cf7_a96a0e8c_0.html
ea310cf8_d8011131_0.html
itemlink.js

Compile time: 0 minutes, 5 seconds
130	Topics
130	Local links
11	Internet links
0	Graphics


Created d:\Note\nyfedit7\notes\DB.chm, 3,397,588 bytes
Compression decreased file by 2,440,025 bytes.
