Microsoft HTML Help Compiler 4.74.8702

Compiling d:\Note\nyfedit7\notes\DevOps.chm

d70a0c97_2b40159_0.html
cd580c60_59010acc_0.html
cd7a0c62_37b90859_0.html
cd250c5d_aa802bf_0.html
dfc60cbd_ec30422_0.html
dfd70cbe_f3f0444_0.html
dfe80cbf_b0502da_0.html
dff90cc0_3aae0752_0.html
e00a0cc1_5f700a83_0.html
e01b0cc2_e49033d_0.html
e02c0cc3_a7b02bf_0.html
e95f0ced_5dc0206_0.html
e03d0cc4_3cf019b_0.html
f3ac0d24_10220470_0.html
e04e0cc5_5dc0206_0.html
cd470c5f_54c40a74_0.html
cd360c5e_120b03ab_0.html
e00c0cc1_3ae708c1_0.html
dffb0cc0_7f80265_0.html
e01d0cc2_81b0265_0.html
e02e0cc3_3911088c_0.html
e03f0cc4_377d0853_0.html
e0500cc5_524c0a0e_0.html
dfea0cbf_f1d043d_0.html
dfd90cbe_eb9034a_0.html
cd8b0c63_15b00e7_0.html
cd9c0c64_374c0863_0.html
cdad0c65_282b06d7_0.html
cdbe0c66_250f0548_0.html
d6700c8e_63780ac5_0.html
e9730cee_eb9034a_0.html
e9840cef_243105d6_0.html
d6810c8f_28a014d_0.html
d6920c90_135b04ca_0.html
d6b40c92_41701a2_0.html
d6a30c91_384b0887_0.html
d6c50c93_bee02fe_0.html
d6d60c94_7c0020b_0.html
d6e70c95_231e0672_0.html
d7090c97_59420abc_0.html
d6f80c96_27e0145_0.html
ea0b0cf6_eb9034a_0.html
f3ff0d29_2a5d0643_0.html
f3780d21_55460a88_0.html
d6820c8f_1bc31394_0.html
d6b50c92_58701f2_0.html
e9d10cf3_fe10472_0.html
e9e20cf4_f990439_0.html
e9c00cf2_1e100ef_0.html
fd8b0d52_12e103b4_0.html
12360db3_575d0ac2_0.html
1d090de7_55290a90_0.html
12470db4_862a0d41_0.html
12250db2_396b08b8_0.html
27700e12_395c08b9_0.html
12140db1_5b600af3_0.html
e9af0cf1_574e0ad9_0.html
e9f30cf5_38be089b_0.html
ea040cf6_112f0396_0.html
ea150cf7_ed60433_0.html
ea260cf8_7daa0d22_0.html
ea370cf9_d96f1150_0.html
ea480cfa_16770415_0.html
f3b00d24_bb302ea_0.html
f3c10d25_eae0355_0.html
f38e0d22_3924089a_0.html
f39f0d23_3a7f08b7_0.html
f3d20d26_c15030a_0.html
d6d70c94_21e0125_0.html
d6e80c95_47d01cf_0.html
e9f90cf5_10220470_0.html
f4a00d31_c1a60e4a_0.html
f48f0d30_51630a06_0.html
f45c0d2d_96020e4e_0.html
ea320cf8_6e4a0a3b_0.html
ea430cf9_380b0887_0.html
ea540cfa_162a050b_0.html
ea650cfb_4da40a31_0.html
ea760cfc_4d4809e9_0.html
d6a40c91_13570337_0.html
d6c60c93_182f0463_0.html
e9d30cf3_923029d_0.html
d6f90c96_7cd0265_0.html
itemlink.js

Compile time: 0 minutes, 7 seconds
166	Topics
166	Local links
38	Internet links
0	Graphics


Created d:\Note\nyfedit7\notes\DevOps.chm, 3,548,704 bytes
Compression decreased file by 4,804,196 bytes.
