Microsoft HTML Help Compiler 4.74.8702

Compiling d:\Note\nyfedit7\notes\Python.chm

cd470c5f_5bd50b1f_0.html
d7400c9a_58700b02_0.html
ea5b0cfa_9fff0eda_0.html
ea6c0cfb_96550e68_0.html
ea7d0cfc_a7be0f45_0.html
d7510c9b_14a00db_0.html
d6c60c93_d25510b4_0.html
d6b60c92_3a0108ef_0.html
d6c70c93_58140b0d_0.html
e9d40cf3_59fe0b18_0.html
d6d80c94_a3420eaa_0.html
e9e70cf4_f640373_0.html
d6e90c95_3b1e08e0_0.html
d70b0c97_89770d9c_0.html
d6fa0c96_c090304_0.html
d71b0c98_43001af_0.html
d6a50c91_27f0144_0.html
d6c90c93_28a013d_0.html
d6d70c94_3eb50912_0.html
d6e80c95_87630d5e_0.html
d6b80c92_1be00e6_0.html
d6810c8f_40990906_0.html
f3ed0d28_397f08b3_0.html
e9860cef_2ad0154_0.html
d6920c90_3b3f08d1_0.html
d71e0c98_1c000e7_0.html
d6d60c94_6560225_0.html
d6a60c91_120c039d_0.html
d6f90c96_7b460d0a_0.html
d70a0c97_bcb02ea_0.html
d7090c97_38d2087c_0.html
d6940c90_a5960eef_0.html
cd7a0c62_3a8e08bd_0.html
d6c50c93_3959088c_0.html
cd8b0c63_5dea1523_0.html
cd9c0c64_1fe40640_0.html
cdad0c65_dcd12ec_0.html
cd250c5d_182f0463_0.html
dfc60cbd_10220470_0.html
cd580c60_44e01bc_0.html
d6fb0c96_260012e_0.html
cd360c5e_f71042d_0.html
cd690c61_83310d2a_0.html
cdbe0c66_aacf0ed7_0.html
d6eb0c95_1ea90612_0.html
d6700c8e_176f042a_0.html
d6da0c94_55a50a69_0.html
d6a30c91_5db70ad0_0.html
d6b40c92_390908b4_0.html
d6e70c95_11470317_0.html
d6820c8f_8760262_0.html
d6930c90_bcb02ea_0.html
d72d0c99_3c9019d_0.html
d6d90c94_e900338_0.html
d6a40c91_fba0462_0.html
d6b50c92_1ef604c2_0.html
d6f80c96_156103ed_0.html
d6ca0c93_11dc0389_0.html
d6db0c94_d5d5110a_0.html
d6ec0c95_45001bb_0.html
ea330cf8_14b00d8_0.html
fe0a0d58_b6402db_0.html
fe1b0d59_634020e_0.html
fe2c0d5a_f720444_0.html
f4a00d31_44e01b0_0.html
f4900d30_eca034e_0.html
f47e0d2f_8a40278_0.html
8d20d8f_43501b6_0.html
f45c0d2d_42401a5_0.html
ea440cf9_c15030a_0.html
ea660cfb_65a021c_0.html
ea770cfc_64c0221_0.html
ea880cfd_a650268_0.html
f4180d29_8e90288_0.html
f43a0d2b_45101bb_0.html
ea990cfe_ef40355_0.html
eaaa0cff_b4702d1_0.html
eabb0d00_f9b0380_0.html
f44c0d2c_128803b9_0.html
89a0d8c_fb6042c_0.html
8ab0d8d_54a20aa4_0.html
8bc0d8e_40c01a6_0.html
f46d0d2e_1dac049c_0.html
f48f0d30_288014d_0.html
f4190d29_136103e6_0.html
f42a0d2a_40901a5_0.html
f43b0d2b_8c60282_0.html
f45d0d2d_44e01b0_0.html
f46e0d2e_42b01ab_0.html
f47f0d2f_f7e0338_0.html
8d30d8f_a2350eb9_0.html
f4a10d31_42801a9_0.html
f4b20d32_bb202e8_0.html
d7300c99_153d03e6_0.html
d6fc0c96_17e70451_0.html
d70d0c97_8620268_0.html
d6b70c92_20e40675_0.html
d6c80c93_45720737_0.html
d6ea0c95_7bb0254_0.html
e9fb0cf5_eb9034a_0.html
ea0c0cf6_eb9034a_0.html
ea1d0cf7_47901c7_0.html
ea3f0cf9_20b604e6_0.html
ea2e0cf8_131903d0_0.html
ea500cfa_1e800f8_0.html
d71d0c98_234011f_0.html
d72e0c99_5b60205_0.html
ea470cf9_1fcb0629_0.html
d73f0c9a_7d20259_0.html
d70c0c97_1e600f6_0.html
d72f0c99_a4b50ed9_0.html
d6fd0c96_fef0479_0.html
d70e0c97_45110959_0.html
d7410c9a_106c0465_0.html
d7520c9b_aab60f54_0.html
d71f0c98_863027d_0.html
itemlink.js

Compile time: 0 minutes, 20 seconds
232	Topics
232	Local links
389	Internet links
0	Graphics


Created d:\Note\nyfedit7\notes\Python.chm, 12,026,665 bytes
Compression decreased file by 13,333,626 bytes.
